#-----------------------------------------------------------
# Vivado v2019.2 (64-bit)
# SW Build 2708876 on Wed Nov  6 21:40:23 MST 2019
# IP Build 2700528 on Thu Nov  7 00:09:20 MST 2019
# Start of session at: Mon Mar  2 20:39:02 2020
# Process ID: 14468
# Current directory: C:/Users/PC/Documents/GitHub/progettoReti/ProgettoDiRetiVIVADO
# Command line: vivado.exe -gui_launcher_event rodinguilauncherevent1616 C:\Users\PC\Documents\GitHub\progettoReti\ProgettoDiRetiVIVADO\ProgettoDiRetiVIVADO.xpr
# Log file: C:/Users/PC/Documents/GitHub/progettoReti/ProgettoDiRetiVIVADO/vivado.log
# Journal file: C:/Users/PC/Documents/GitHub/progettoReti/ProgettoDiRetiVIVADO\vivado.jou
#-----------------------------------------------------------
start_gui
open_project C:/Users/PC/Documents/GitHub/progettoReti/ProgettoDiRetiVIVADO/ProgettoDiRetiVIVADO.xpr
INFO: [Project 1-313] Project file moved from 'C:/Users/Marco/OneDrive/Documenti/05. University/Anno 3/Appunti digitali/Reti logiche -Prova Finale-/ProgettoDiRetiVIVADO' since last save.
Scanning sources...
Finished scanning sources
INFO: [IP_Flow 19-234] Refreshing IP repositories
INFO: [IP_Flow 19-1704] No user IP repositories specified
INFO: [IP_Flow 19-2313] Loaded Vivado IP repository 'D:/Programmi/Vivado/2019.2/data/ip'.
update_compile_order -fileset sources_1
