Copyright 1986-2019 Xilinx, Inc. All Rights Reserved.
-------------------------------------------------------------------------------------------------
| Tool Version : Vivado v.2019.2 (win64) Build 2708876 Wed Nov  6 21:40:23 MST 2019
| Date         : Wed Mar  4 23:37:03 2020
| Host         : Marco-Fisso running 64-bit major release  (build 9200)
| Command      : report_control_sets -verbose -file project_reti_logiche_control_sets_placed.rpt
| Design       : project_reti_logiche
| Device       : xc7a200t
-------------------------------------------------------------------------------------------------

Control Set Information

Table of Contents
-----------------
1. Summary
2. Histogram
3. Flip-Flop Distribution
4. Detailed Control Set Information

1. Summary
----------

+----------------------------------------------------------+-------+
|                          Status                          | Count |
+----------------------------------------------------------+-------+
| Total control sets                                       |    18 |
|    Minimum number of control sets                        |    18 |
|    Addition due to synthesis replication                 |     0 |
|    Addition due to physical synthesis replication        |     0 |
| Unused register locations in slices containing registers |    35 |
+----------------------------------------------------------+-------+
* Control sets can be merged at opt_design using control_set_merge or merge_equivalent_drivers
** Run report_qor_suggestions for automated merging and remapping suggestions


2. Histogram
------------

+--------------------+-------+
|       Fanout       | Count |
+--------------------+-------+
| Total control sets |    18 |
| >= 0 to < 4        |     4 |
| >= 4 to < 6        |     1 |
| >= 6 to < 8        |     1 |
| >= 8 to < 10       |    11 |
| >= 10 to < 12      |     1 |
| >= 12 to < 14      |     0 |
| >= 14 to < 16      |     0 |
| >= 16              |     0 |
+--------------------+-------+
* Control sets can be remapped at either synth_design or opt_design


3. Flip-Flop Distribution
-------------------------

+--------------+-----------------------+------------------------+-----------------+--------------+
| Clock Enable | Synchronous Set/Reset | Asynchronous Set/Reset | Total Registers | Total Slices |
+--------------+-----------------------+------------------------+-----------------+--------------+
| No           | No                    | No                     |               1 |            1 |
| No           | No                    | Yes                    |               0 |            0 |
| No           | Yes                   | No                     |               0 |            0 |
| Yes          | No                    | No                     |               7 |            3 |
| Yes          | No                    | Yes                    |             109 |           29 |
| Yes          | Yes                   | No                     |               0 |            0 |
+--------------+-----------------------+------------------------+-----------------+--------------+


4. Detailed Control Set Information
-----------------------------------

+------------------+--------------------------------------+------------------+------------------+----------------+
|   Clock Signal   |             Enable Signal            | Set/Reset Signal | Slice Load Count | Bel Load Count |
+------------------+--------------------------------------+------------------+------------------+----------------+
|  i_clk_IBUF_BUFG |                                      |                  |                1 |              1 |
|  i_clk_IBUF_BUFG | o_en_i_1_n_0                         | i_rst_IBUF       |                1 |              1 |
|  i_clk_IBUF_BUFG | FSM_onehot_current_state_reg_n_0_[9] | i_rst_IBUF       |                1 |              1 |
|  i_clk_IBUF_BUFG | count                                | i_rst_IBUF       |                1 |              3 |
|  i_clk_IBUF_BUFG | o_address[3]_i_1_n_0                 | i_rst_IBUF       |                1 |              5 |
|  i_clk_IBUF_BUFG | WZ_NUM0                              |                  |                3 |              7 |
|  i_clk_IBUF_BUFG | wz0                                  | i_rst_IBUF       |                2 |              8 |
|  i_clk_IBUF_BUFG | encoded                              | i_rst_IBUF       |                1 |              8 |
|  i_clk_IBUF_BUFG | addr                                 | i_rst_IBUF       |                4 |              8 |
|  i_clk_IBUF_BUFG | wz1                                  | i_rst_IBUF       |                2 |              8 |
|  i_clk_IBUF_BUFG | wz3                                  | i_rst_IBUF       |                2 |              8 |
|  i_clk_IBUF_BUFG | wz4                                  | i_rst_IBUF       |                2 |              8 |
|  i_clk_IBUF_BUFG | wz6                                  | i_rst_IBUF       |                2 |              8 |
|  i_clk_IBUF_BUFG | wz5                                  | i_rst_IBUF       |                2 |              8 |
|  i_clk_IBUF_BUFG | wz2                                  | i_rst_IBUF       |                2 |              8 |
|  i_clk_IBUF_BUFG | wz7                                  | i_rst_IBUF       |                2 |              8 |
|  i_clk_IBUF_BUFG | FSM_onehot_current_state_reg_n_0_[8] | i_rst_IBUF       |                2 |              8 |
|  i_clk_IBUF_BUFG | FSM_onehot_current_state[10]_i_1_n_0 | i_rst_IBUF       |                2 |             11 |
+------------------+--------------------------------------+------------------+------------------+----------------+


